#
# There is insufficient memory for the Java Runtime Environment to continue.
# Native memory allocation (mmap) failed to map 266338304 bytes for G1 virtual space
# Possible reasons:
#   The system is out of physical RAM or swap space
#   The process is running with CompressedOops enabled, and the Java Heap may be blocking the growth of the native heap
# Possible solutions:
#   Reduce memory load on the system
#   Increase physical memory or swap space
#   Check if swap backing store is full
#   Decrease Java heap size (-Xmx/-Xms)
#   Decrease number of Java threads
#   Decrease Java thread stack sizes (-Xss)
#   Set larger code cache with -XX:ReservedCodeCacheSize=
#   JVM is running with Zero Based Compressed Oops mode in which the Java heap is
#     placed in the first 32GB address space. The Java Heap base address is the
#     maximum limit for the native heap growth. Please use -XX:HeapBaseMinAddress
#     to set the Java Heap base and to place the Java Heap above 32GB virtual address.
# This output file may be truncated or incomplete.
#
#  Out of Memory Error (os_windows.cpp:3600), pid=31264, tid=32628
#
# JRE version:  (21.0+35) (build )
# Java VM: OpenJDK 64-Bit Server VM (21+35-2513, mixed mode, sharing, tiered, compressed oops, compressed class ptrs, g1 gc, windows-amd64)
# No core dump will be written. Minidumps are not enabled by default on client versions of Windows
#

---------------  S U M M A R Y ------------

Command Line: -Dnet.bytebuddy.agent.attacher.dump= net.bytebuddy.agent.Attacher com.sun.tools.attach.VirtualMachine 31556 C:\Users\codehows\.gradle\caches\modules-2\files-2.1\net.bytebuddy\byte-buddy-agent\1.15.11\a38b16385e867f59a641330f0362ebe742788ed8\byte-buddy-agent-1.15.11.jar false 

Host: 12th Gen Intel(R) Core(TM) i7-12700, 20 cores, 15G,  Windows 11 , 64 bit Build 26100 (10.0.26100.7623)
Time: Wed Jan 28 18:05:44 2026  Windows 11 , 64 bit Build 26100 (10.0.26100.7623) elapsed time: 1.182677 seconds (0d 0h 0m 1s)

---------------  T H R E A D  ---------------

Current thread (0x000001e016b93500):  JavaThread "Unknown thread" [_thread_in_vm, id=32628, stack(0x000000c7fe700000,0x000000c7fe800000) (1024K)]

Stack: [0x000000c7fe700000,0x000000c7fe800000]
Native frames: (J=compiled Java code, j=interpreted, Vv=VM code, C=native code)
V  [jvm.dll+0x6c8d39]
V  [jvm.dll+0x854091]
V  [jvm.dll+0x85630e]
V  [jvm.dll+0x8569e3]
V  [jvm.dll+0x2809a6]
V  [jvm.dll+0x6c5425]
V  [jvm.dll+0x6b9e1a]
V  [jvm.dll+0x3555ba]
V  [jvm.dll+0x35d206]
V  [jvm.dll+0x3adf6e]
V  [jvm.dll+0x3ae218]
V  [jvm.dll+0x328fcc]
V  [jvm.dll+0x329b5b]
V  [jvm.dll+0x81c699]
V  [jvm.dll+0x3bb2a1]
V  [jvm.dll+0x805688]
V  [jvm.dll+0x44ed9e]
V  [jvm.dll+0x4506a1]
C  [jli.dll+0x52a3]
C  [ucrtbase.dll+0x37b0]
C  [KERNEL32.DLL+0x2e8d7]
C  [ntdll.dll+0x8c53c]


---------------  P R O C E S S  ---------------

Threads class SMR info:
_java_thread_list=0x00007ff80e6a7b48, length=0, elements={
}

Java Threads: ( => current thread )
Total: 0

Other Threads:
  0x000001e018f34d50 WorkerThread "GC Thread#0"                     [id=29540, stack(0x000000c7fe800000,0x000000c7fe900000) (1024K)]
  0x000001e018f46830 ConcurrentGCThread "G1 Main Marker"            [id=32396, stack(0x000000c7fe900000,0x000000c7fea00000) (1024K)]
  0x000001e018f47ad0 WorkerThread "G1 Conc#0"                       [id=32360, stack(0x000000c7fea00000,0x000000c7feb00000) (1024K)]

[error occurred during error reporting (printing all threads), id 0xc0000005, EXCEPTION_ACCESS_VIOLATION (0xc0000005) at pc=0x00007ff80de1c097]
VM state: not at safepoint (not fully initialized)

VM Mutex/Monitor currently owned by a thread:  ([mutex/lock_event])
[0x00007ff80e718648] Heap_lock - owner thread: 0x000001e016b93500

Heap address: 0x0000000703800000, size: 4040 MB, Compressed Oops mode: Zero based, Oop shift amount: 3

CDS archive(s) mapped at: [0x0000000000000000-0x0000000000000000-0x0000000000000000), size 0, SharedBaseAddress: 0x0000000800000000, ArchiveRelocationMode: 1.
Narrow klass base: 0x0000000000000000, Narrow klass shift: 0, Narrow klass range: 0x0

GC Precious Log:
 CardTable entry size: 512
 Card Set container configuration: InlinePtr #cards 4 size 8 Array Of Cards #cards 16 size 48 Howl #buckets 8 coarsen threshold 3686 Howl Bitmap #cards 512 size 80 coarsen threshold 460 Card regions per heap region 1 cards per card region 4096

Heap:
 garbage-first heap   total 0K, used 0K [0x0000000703800000, 0x0000000800000000)
  region size 2048K, 0 young (0K), 0 survivors (0K)

[error occurred during error reporting (printing heap information), id 0xc0000005, EXCEPTION_ACCESS_VIOLATION (0xc0000005) at pc=0x00007ff80e201939]
GC Heap History (0 events):
No events

Dll operation events (1 events):
Event: 0.007 Loaded shared library C:\Program Files\java\jdk-21\bin\java.dll

Deoptimization events (0 events):
No events

Classes loaded (0 events):
No events

Classes unloaded (0 events):
No events

Classes redefined (0 events):
No events

Internal exceptions (0 events):
No events

ZGC Phase Switch (0 events):
No events

VM Operations (0 events):
No events

Events (0 events):
No events


Dynamic libraries:
0x00007ff79f2c0000 - 0x00007ff79f2ce000 	C:\Program Files\java\jdk-21\bin\java.exe
0x00007ff8d4e20000 - 0x00007ff8d5087000 	C:\WINDOWS\SYSTEM32\ntdll.dll
0x00007ff8d4300000 - 0x00007ff8d43c9000 	C:\WINDOWS\System32\KERNEL32.DLL
0x00007ff8d2650000 - 0x00007ff8d2a3f000 	C:\WINDOWS\System32\KERNELBASE.dll
0x00007ff8d1f70000 - 0x00007ff8d20bb000 	C:\WINDOWS\System32\ucrtbase.dll
0x00007ff8b1d30000 - 0x00007ff8b1d48000 	C:\Program Files\java\jdk-21\bin\jli.dll
0x00007ff8b28c0000 - 0x00007ff8b28db000 	C:\Program Files\java\jdk-21\bin\VCRUNTIME140.dll
0x00007ff8d47c0000 - 0x00007ff8d4985000 	C:\WINDOWS\System32\USER32.dll
0x00007ff8d2230000 - 0x00007ff8d2257000 	C:\WINDOWS\System32\win32u.dll
0x00007ff8d43d0000 - 0x00007ff8d43fb000 	C:\WINDOWS\System32\GDI32.dll
0x00007ff8be810000 - 0x00007ff8beaa3000 	C:\WINDOWS\WinSxS\amd64_microsoft.windows.common-controls_6595b64144ccf1df_6.0.26100.7309_none_3e05feeae336a044\COMCTL32.dll
0x00007ff8d2260000 - 0x00007ff8d238c000 	C:\WINDOWS\System32\gdi32full.dll
0x00007ff8d4a20000 - 0x00007ff8d4ac9000 	C:\WINDOWS\System32\msvcrt.dll
0x00007ff8d2420000 - 0x00007ff8d24c3000 	C:\WINDOWS\System32\msvcp_win.dll
0x00007ff8d2cf0000 - 0x00007ff8d2d21000 	C:\WINDOWS\System32\IMM32.DLL
0x00007ff8b2a40000 - 0x00007ff8b2a4c000 	C:\Program Files\java\jdk-21\bin\vcruntime140_1.dll
0x00007ff85f500000 - 0x00007ff85f58e000 	C:\Program Files\java\jdk-21\bin\msvcp140.dll
0x00007ff80dae0000 - 0x00007ff80e7f3000 	C:\Program Files\java\jdk-21\bin\server\jvm.dll
0x00007ff8d4240000 - 0x00007ff8d42f4000 	C:\WINDOWS\System32\ADVAPI32.dll
0x00007ff8d4ba0000 - 0x00007ff8d4c46000 	C:\WINDOWS\System32\sechost.dll
0x00007ff8d2bd0000 - 0x00007ff8d2ce8000 	C:\WINDOWS\System32\RPCRT4.dll
0x00007ff8d49a0000 - 0x00007ff8d4a14000 	C:\WINDOWS\System32\WS2_32.dll
0x00007ff8d1dd0000 - 0x00007ff8d1e2e000 	C:\WINDOWS\SYSTEM32\POWRPROF.dll
0x00007ff8ca1b0000 - 0x00007ff8ca1e5000 	C:\WINDOWS\SYSTEM32\WINMM.dll
0x00007ff8cbb00000 - 0x00007ff8cbb0b000 	C:\WINDOWS\SYSTEM32\VERSION.dll
0x00007ff8d1db0000 - 0x00007ff8d1dc4000 	C:\WINDOWS\SYSTEM32\UMPDC.dll
0x00007ff8d0cf0000 - 0x00007ff8d0d0b000 	C:\WINDOWS\SYSTEM32\kernel.appcore.dll
0x00007ff8b2a10000 - 0x00007ff8b2a1a000 	C:\Program Files\java\jdk-21\bin\jimage.dll
0x00007ff8c0ad0000 - 0x00007ff8c0d12000 	C:\WINDOWS\SYSTEM32\DBGHELP.DLL
0x00007ff8d4400000 - 0x00007ff8d4786000 	C:\WINDOWS\System32\combase.dll
0x00007ff8d40d0000 - 0x00007ff8d41a6000 	C:\WINDOWS\System32\OLEAUT32.dll
0x00007ff8b9ea0000 - 0x00007ff8b9edc000 	C:\WINDOWS\SYSTEM32\dbgcore.DLL
0x00007ff8d2b10000 - 0x00007ff8d2bb5000 	C:\WINDOWS\System32\bcryptPrimitives.dll
0x00007ff8b1cc0000 - 0x00007ff8b1cdf000 	C:\Program Files\java\jdk-21\bin\java.dll

dbghelp: loaded successfully - version: 4.0.5 - missing functions: none
symbol engine: initialized successfully - sym options: 0x614 - pdb path: .;C:\Program Files\java\jdk-21\bin;C:\WINDOWS\SYSTEM32;C:\WINDOWS\WinSxS\amd64_microsoft.windows.common-controls_6595b64144ccf1df_6.0.26100.7309_none_3e05feeae336a044;C:\Program Files\java\jdk-21\bin\server

VM Arguments:
jvm_args: -Dnet.bytebuddy.agent.attacher.dump= 
java_command: net.bytebuddy.agent.Attacher com.sun.tools.attach.VirtualMachine 31556 C:\Users\codehows\.gradle\caches\modules-2\files-2.1\net.bytebuddy\byte-buddy-agent\1.15.11\a38b16385e867f59a641330f0362ebe742788ed8\byte-buddy-agent-1.15.11.jar false 
java_class_path (initial): C:\Users\codehows\.gradle\caches\modules-2\files-2.1\net.bytebuddy\byte-buddy-agent\1.15.11\a38b16385e867f59a641330f0362ebe742788ed8\byte-buddy-agent-1.15.11.jar
Launcher Type: SUN_STANDARD

[Global flags]
     intx CICompilerCount                          = 12                                        {product} {ergonomic}
     uint ConcGCThreads                            = 4                                         {product} {ergonomic}
     uint G1ConcRefinementThreads                  = 15                                        {product} {ergonomic}
   size_t G1HeapRegionSize                         = 2097152                                   {product} {ergonomic}
    uintx GCDrainStackTargetSize                   = 64                                        {product} {ergonomic}
   size_t InitialHeapSize                          = 266338304                                 {product} {ergonomic}
   size_t MarkStackSize                            = 4194304                                   {product} {ergonomic}
   size_t MaxHeapSize                              = 4236247040                                {product} {ergonomic}
   size_t MinHeapDeltaBytes                        = 2097152                                   {product} {ergonomic}
   size_t MinHeapSize                              = 8388608                                   {product} {ergonomic}
    uintx NonNMethodCodeHeapSize                   = 7602480                                {pd product} {ergonomic}
    uintx NonProfiledCodeHeapSize                  = 122027880                              {pd product} {ergonomic}
    uintx ProfiledCodeHeapSize                     = 122027880                              {pd product} {ergonomic}
    uintx ReservedCodeCacheSize                    = 251658240                              {pd product} {ergonomic}
     bool SegmentedCodeCache                       = true                                      {product} {ergonomic}
   size_t SoftMaxHeapSize                          = 4236247040                             {manageable} {ergonomic}
     bool UseCompressedOops                        = true                           {product lp64_product} {ergonomic}
     bool UseG1GC                                  = true                                      {product} {ergonomic}
     bool UseLargePagesIndividualAllocation        = false                                  {pd product} {ergonomic}

Logging:
Log output configuration:
 #0: stdout all=warning uptime,level,tags foldmultilines=false
 #1: stderr all=off uptime,level,tags foldmultilines=false

Environment Variables:
JAVA_HOME=C:\Program Files\java\jdk-21
PATH=C:\Users\codehows\bin;C:\Program Files\Git\mingw64\bin;C:\Program Files\Git\usr\local\bin;C:\Program Files\Git\usr\bin;C:\Program Files\Git\usr\bin;C:\Program Files\Git\mingw64\bin;C:\Program Files\Git\usr\bin;C:\Users\codehows\bin;C:\Users\codehows\.local\bin;C:\Program Files (x86)\VMware\VMware Workstation\bin;C:\Program Files\java\jdk-21\bin;C:\WINDOWS\system32;C:\WINDOWS;C:\WINDOWS\System32\Wbem;C:\WINDOWS\System32\WindowsPowerShell\v1.0;C:\WINDOWS\System32\OpenSSH;C:\Program Files\Bandizip;C:\Program Files\Git\cmd;C:\ProgramData\chocolatey\bin;C:\Program Files\nodejs;C:\Program Files\cursor\resources\app\bin;C:\Program Files\Redis;C:\Program Files\Docker\Docker\resources\bin;C:\Users\codehows\AppData\Local\Programs\Python\Python312\Scripts;C:\Users\codehows\AppData\Local\Programs\Python\Python312;C:\Program Files\MySQL\MySQL Shell 8.0\bin;C:\Users\codehows\AppData\Local\Microsoft\WindowsApps;C:\Users\codehows\AppData\Local\Programs\Microsoft VS Code\bin;C:\Program Files\JetBrains\IntelliJ IDEA 2025.1.3\bin;C:\Users\codehows\AppData\Local\GitHubDesktop\bin;C:\Users\codehows\AppData\Roaming\npm;C:\Program Files\Git\usr\bin\vendor_perl;C:\Program Files\Git\usr\bin\core_perl
USERNAME=codehows
SHELL=C:\Program Files\Git\usr\bin\bash.exe
DISPLAY=needs-to-be-defined
LANG=ko_KR.UTF-8
TERM=xterm-256color
TMPDIR=C:\Users\Public\Documents\ESTsoft\CreatorTemp
OS=Windows_NT
PROCESSOR_IDENTIFIER=Intel64 Family 6 Model 151 Stepping 2, GenuineIntel
TMP=C:\Users\codehows\AppData\Local\Temp
TEMP=C:\Users\codehows\AppData\Local\Temp




---------------  S Y S T E M  ---------------

OS:
 Windows 11 , 64 bit Build 26100 (10.0.26100.7623)
OS uptime: 2 days 9:01 hours
Hyper-V role detected

CPU: total 20 (initial active 20) (10 cores per cpu, 2 threads per core) family 6 model 151 stepping 2 microcode 0x1e, cx8, cmov, fxsr, ht, mmx, 3dnowpref, sse, sse2, sse3, ssse3, sse4.1, sse4.2, popcnt, lzcnt, tsc, tscinvbit, avx, avx2, aes, erms, clmul, bmi1, bmi2, adx, sha, fma, vzeroupper, clflush, clflushopt, clwb, hv, serialize, rdtscp, rdpid, fsrm, f16c, cet_ibt, cet_ss
Processor Information for processor 0
  Max Mhz: 2100, Current Mhz: 2100, Mhz Limit: 2100
Processor Information for processor 1
  Max Mhz: 2100, Current Mhz: 2100, Mhz Limit: 2100
Processor Information for processor 2
  Max Mhz: 2100, Current Mhz: 2100, Mhz Limit: 2100
Processor Information for processor 3
  Max Mhz: 2100, Current Mhz: 2100, Mhz Limit: 2100
Processor Information for processor 4
  Max Mhz: 2100, Current Mhz: 2100, Mhz Limit: 2100
Processor Information for processor 5
  Max Mhz: 2100, Current Mhz: 2100, Mhz Limit: 2100
Processor Information for processor 6
  Max Mhz: 2100, Current Mhz: 2100, Mhz Limit: 2100
Processor Information for processor 7
  Max Mhz: 2100, Current Mhz: 2100, Mhz Limit: 2100
Processor Information for processor 8
  Max Mhz: 2100, Current Mhz: 2100, Mhz Limit: 2100
Processor Information for processor 9
  Max Mhz: 2100, Current Mhz: 2100, Mhz Limit: 2100
Processor Information for processor 10
  Max Mhz: 2100, Current Mhz: 2100, Mhz Limit: 2100
Processor Information for processor 11
  Max Mhz: 2100, Current Mhz: 2100, Mhz Limit: 2100
Processor Information for processor 12
  Max Mhz: 2100, Current Mhz: 2100, Mhz Limit: 2100
Processor Information for processor 13
  Max Mhz: 2100, Current Mhz: 2100, Mhz Limit: 2100
Processor Information for processor 14
  Max Mhz: 2100, Current Mhz: 2100, Mhz Limit: 2100
Processor Information for processor 15
  Max Mhz: 2100, Current Mhz: 2100, Mhz Limit: 2100
Processor Information for processor 16
  Max Mhz: 2100, Current Mhz: 1600, Mhz Limit: 1596
Processor Information for processor 17
  Max Mhz: 2100, Current Mhz: 1600, Mhz Limit: 1596
Processor Information for processor 18
  Max Mhz: 2100, Current Mhz: 1600, Mhz Limit: 1596
Processor Information for processor 19
  Max Mhz: 2100, Current Mhz: 1600, Mhz Limit: 1596

Memory: 4k page, system-wide physical 16157M (1174M free)
TotalPageFile size 65309M (AvailPageFile size 54M)
current process WorkingSet (physical memory assigned to process): 13M, peak: 13M
current process commit charge ("private bytes"): 75M, peak: 329M

vm_info: OpenJDK 64-Bit Server VM (21+35-2513) for windows-amd64 JRE (21+35-2513), built on 2023-08-09T20:25:10Z by "mach5one" with MS VC++ 17.1 (VS2022)

END.
